Time slot   0
ld_routine
Time slot   1
	Loaded a process at input/proc/m0s, PID: 1 PRIO: 120
	CPU 0: Dispatched process  1
----- TLB ALLOC ----- PID: 1 PC: 1-----
Before alloc TLB dump:

========PID: 1 ADDR: 0 --- PAGE: 0 ----> FRAME: 1
========PID: 1 ADDR: 0 --- PAGE: 1 ----> FRAME: 0
TLB-Alloc: Region start: 0, Region end: 300
TLB-Alloc: Number of page to cache: 2
TLB-Alloc: Caching PID: 1 PAGE: 0 FRAME: 1
TLB-Alloc: Caching PID: 1 PAGE: 1 FRAME: 0
After alloc TLB dump:
1 00001 00000 00001
1 00001 00001 00000

print_pgtbl: 0 - 512
00000000: 80000001
00000004: 80000000
MEMPHY_DUMP:
--------------
Time slot   2
----- TLB ALLOC ----- PID: 1 PC: 2-----
Before alloc TLB dump:
1 00001 00000 00001
1 00001 00001 00000

========PID: 1 ADDR: 512 --- PAGE: 2 ----> FRAME: 2
TLB-Alloc: Region start: 512, Region end: 612
TLB-Alloc: Number of page to cache: 1
TLB-Alloc: Caching PID: 1 PAGE: 2 FRAME: 2
After alloc TLB dump:
1 00001 00000 00001
1 00001 00001 00000
1 00001 00002 00002
	Loaded a process at input/proc/m0s, PID: 2 PRIO: 120

print_pgtbl: 0 - 768
00000000: 80000001
00000004: 80000000
00000008: 80000002
MEMPHY_DUMP:
--------------
Time slot   3
	CPU 3: Dispatched process  2
----- TLB ALLOC ----- PID: 2 PC: 1-----
Before alloc TLB dump:
1 00001 00000 00001
1 00001 00001 00000
1 00001 00002 00002

OOM: vm_map_ram out of memory 
	CPU 0: Put process  1 to run queue
	CPU 1: Dispatched process  1
----- TLB FREE ----- PID: 1 PC: 3-----
reg_index: 0
Before free TLB dump:
1 00001 00000 00001
1 00001 00001 00000
1 00001 00002 00002
	Loaded a process at input/proc/m0s, PID: 3 PRIO: 120
	CPU 0: Dispatched process  3
----- TLB ALLOC ----- PID: 3 PC: 1-----
Before alloc TLB dump:
1 00001 00000 00001
1 00001 00001 00000
1 00001 00002 00002

TLB-Free: Freeing PID: 1 PAGE: 0
TLB-Free: Freeing PID: 1 PAGE: 1

OOM: vm_map_ram out of memory 
After free TLB dump:
1 00001 00002 00002

print_pgtbl: 0 - 768
00000000: 00000001
00000004: 00000000
00000008: 80000002
MEMPHY_DUMP:
--------------
Time slot   4
----- TLB ALLOC ----- PID: 2 PC: 2-----
Before alloc TLB dump:
1 00001 00002 00002
----- TLB ALLOC ----- PID: 1 PC: 4-----
Before alloc TLB dump:
1 00001 00002 00002

========PID: 2 ADDR: 512 --- PAGE: 2 ----> FRAME: 0
TLB-Alloc: Region start: 512, Region end: 612
TLB-Alloc: Number of page to cache: 1
TLB-Alloc: Caching PID: 2 PAGE: 2 FRAME: 0

========PID: 1 ADDR: 0 --- PAGE: 0 ----> FRAME: 1
TLB-Alloc: Region start: 0, Region end: 256
TLB-Alloc: Number of page to cache: 1
TLB-Alloc: Caching PID: 1 PAGE: 0 FRAME: 1
	Loaded a process at input/proc/m0s, PID: 4 PRIO: 120
After alloc TLB dump:
1 00002 00002 00000
1 00001 00002 00002
----- TLB ALLOC ----- PID: 3 PC: 2-----
Before alloc TLB dump:
1 00002 00002 00000
1 00001 00002 00002
After alloc TLB dump:
1 00002 00002 00000
1 00001 00000 00001
1 00001 00002 00002

OOM: vm_map_ram out of memory 

print_pgtbl: 0 - 768
00000000: 00000000
00000004: 00000000
00000008: 80000000
MEMPHY_DUMP:
--------------

print_pgtbl: 0 - 768
00000000: 80000001
00000004: 00000000
00000008: 80000002
MEMPHY_DUMP:
--------------
Time slot   5
	CPU 3: Put process  2 to run queue
	CPU 3: Dispatched process  4
----- TLB ALLOC ----- PID: 4 PC: 1-----
Before alloc TLB dump:
1 00002 00002 00000
1 00001 00000 00001
1 00001 00002 00002
	CPU 2: Dispatched process  2
----- TLB FREE ----- PID: 2 PC: 3-----
reg_index: 0
Before free TLB dump:
1 00002 00002 00000
1 00001 00000 00001
1 00001 00002 00002

OOM: vm_map_ram out of memory 
	CPU 1: Put process  1 to run queue

After free TLB dump:
1 00002 00002 00000
1 00001 00000 00001
1 00001 00002 00002
	CPU 1: Dispatched process  1
----- TLB WRITE ----- PID: 1 PC: 5-----
Hit: 1
TLB dump:
1 00002 00002 00000
1 00001 00000 00001
1 00001 00002 00002
	Loaded a process at input/proc/m0s, PID: 5 PRIO: 120
	CPU 0: Put process  3 to run queue

print_pgtbl: 0 - 768
00000000: 00000000
00000004: 00000000
00000008: 80000000
MEMPHY_DUMP:


TLB hit at write pid=1 pgn=2 frm=2
--------------
write region=1 offset=20 data=102
print_pgtbl: 0 - 768
00000000: 80000001
00000004: 00000000
00000008: 80000002
MEMPHY_DUMP:
BYTE 00000214: 102
--------------
	CPU 0: Dispatched process  5
----- TLB ALLOC ----- PID: 5 PC: 1-----
Before alloc TLB dump:
1 00002 00002 00000
1 00001 00000 00001
1 00001 00002 00002

OOM: vm_map_ram out of memory 
Time slot   6
----- TLB ALLOC ----- PID: 4 PC: 2-----
Before alloc TLB dump:
1 00002 00002 00000
1 00001 00000 00001
1 00001 00002 00002
----- TLB ALLOC ----- PID: 2 PC: 4-----
Before alloc TLB dump:
1 00002 00002 00000
1 00001 00000 00001
1 00001 00002 00002

-------------__>Active swap id: 0
Swapping frames: 0 -> 0
========PID: 2 ADDR: 768 --- PAGE: 3 ----> FRAME: 0
TLB-Alloc: Region start: 768, Region end: 868
TLB-Alloc: Number of page to cache: 1
TLB-Alloc: Caching PID: 2 PAGE: 3 FRAME: 0

OOM: vm_map_ram out of memory 
After alloc TLB dump:
1 00002 00003 00000
1 00001 00000 00001
1 00001 00002 00002
----- TLB WRITE ----- PID: 1 PC: 6-----
write region=2 offset=1000
Address out of range!
----- TLB ALLOC ----- PID: 5 PC: 2-----
Before alloc TLB dump:
1 00002 00003 00000
1 00001 00000 00001
1 00001 00002 00002

OOM: vm_map_ram out of memory 

print_pgtbl: 0 - 1024
00000000: 00000000
00000004: 00000000
00000008: c0000000
00000012: 80000000
MEMPHY_DUMP:
BYTE 00000214: 102
--------------
Time slot   7
	CPU 3: Put process  4 to run queue
	CPU 2: Put process  2 to run queue
	CPU 3: Dispatched process  3
----- TLB FREE ----- PID: 3 PC: 3-----
reg_index: 0
Before free TLB dump:
1 00002 00003 00000
1 00001 00000 00001
1 00001 00002 00002
	CPU 2: Dispatched process  4
----- TLB FREE ----- PID: 4 PC: 3-----
reg_index: 0
Before free TLB dump:
1 00002 00003 00000
1 00001 00000 00001
1 00001 00002 00002

After free TLB dump:
1 00002 00003 00000
1 00001 00000 00001
1 00001 00002 00002

After free TLB dump:
1 00002 00003 00000
1 00001 00000 00001
1 00001 00002 00002

print_pgtbl: 0 - 768
00000000: 00000000
00000004: 00000000
00000008: 00000000
MEMPHY_DUMP:
BYTE 00000214: 102
--------------

print_pgtbl: 0 - 768
00000000: 00000000
00000004: 00000000
00000008: 00000000
MEMPHY_DUMP:
	CPU 1: Processed  1 has finished
BYTE 00000214: 102
--------------
	CPU 0: Put process  5 to run queue
	CPU 1: Dispatched process  2
----- TLB WRITE ----- PID: 2 PC: 5-----
	CPU 0: Dispatched process  5
----- TLB FREE ----- PID: 5 PC: 3-----
reg_index: 0
Before free TLB dump:
1 00002 00003 00000
1 00001 00000 00001
1 00001 00002 00002
Hit: 0
TLB dump:
1 00002 00003 00000
1 00001 00000 00001
1 00001 00002 00002

After free TLB dump:
1 00002 00003 00000
1 00001 00000 00001
1 00001 00002 00002


TLB miss at write pid=2 pgn=2 frm=-1
write region=1 offset=20 data=102

print_pgtbl: 0 - 768
00000000: 00000000
00000004: 00000000
00000008: 00000000
MEMPHY_DUMP:
BYTE 00000214: 102
--------------
Time slot   8
----- TLB ALLOC ----- PID: 3 PC: 4-----
Before alloc TLB dump:
1 00002 00003 00000
1 00001 00000 00001
1 00001 00002 00002
----- TLB ALLOC ----- PID: 4 PC: 4-----
Before alloc TLB dump:
1 00002 00003 00000
1 00001 00000 00001
1 00001 00002 00002


OOM: vm_map_ram out of memory 
OOM: vm_map_ram out of memory 
----- TLB WRITE ----- PID: 2 PC: 6-----
write region=2 offset=1000
Address out of range!
----- TLB ALLOC ----- PID: 5 PC: 4-----
Before alloc TLB dump:
1 00002 00003 00000
1 00001 00000 00001
1 00001 00002 00002

OOM: vm_map_ram out of memory 
Time slot   9
	CPU 3: Put process  3 to run queue
	CPU 1: Processed  2 has finished
	CPU 3: Dispatched process  3
----- TLB WRITE ----- PID: 3 PC: 5-----
write region=1 offset=20
Address out of range!
	CPU 0: Put process  5 to run queue
	CPU 1: Dispatched process  5
----- TLB WRITE ----- PID: 5 PC: 5-----
write region=1 offset=20
Address out of range!
	CPU 2: Put process  4 to run queue
	CPU 0: Dispatched process  4
----- TLB WRITE ----- PID: 4 PC: 5-----
write region=1 offset=20
Address out of range!
	CPU 2 stopped
Time slot  10
----- TLB WRITE ----- PID: 3 PC: 6-----
write region=2 offset=1000
Address out of range!
----- TLB WRITE ----- PID: 5 PC: 6-----
write region=2 offset=1000
Address out of range!
----- TLB WRITE ----- PID: 4 PC: 6-----
write region=2 offset=1000
Address out of range!
Time slot  11
	CPU 1: Processed  5 has finished
	CPU 0: Processed  4 has finished
	CPU 3: Processed  3 has finished
	CPU 3 stopped
	CPU 1 stopped
	CPU 0 stopped
